# JRE version: Java(TM) SE Runtime Environment 18.9 (11.0.7+8) (build 11.0.7+8-LTS)
# Java VM: Java HotSpot(TM) 64-Bit Server VM 18.9 (11.0.7+8-LTS, mixed mode, tiered, compressed oops, g1 gc, windows-amd64)
Heap:
 garbage-first heap   total 157696K, used 48037K [0x0000000081a00000, 0x0000000100000000)
  region size 1024K, 11 young (11264K), 4 survivors (4096K)
 Metaspace       used 59149K, capacity 60760K, committed 60956K, reserved 1101824K
  class space    used 7771K, capacity 8370K, committed 8396K, reserved 1048576K
GC Heap History (10 events):
Event: 23.220 GC heap before
{Heap before GC invocations=13 (full 0):
 garbage-first heap   total 131072K, used 94102K [0x0000000081a00000, 0x0000000100000000)
  region size 1024K, 69 young (70656K), 6 survivors (6144K)
 Metaspace       used 37176K, capacity 38424K, committed 38780K, reserved 1083392K
  class space    used 4718K, capacity 5210K, committed 5324K, reserved 1048576K
}
Event: 23.231 GC heap after
{Heap after GC invocations=14 (full 0):
 garbage-first heap   total 131072K, used 31204K [0x0000000081a00000, 0x0000000100000000)
  region size 1024K, 4 young (4096K), 4 survivors (4096K)
 Metaspace       used 37176K, capacity 38424K, committed 38780K, reserved 1083392K
  class space    used 4718K, capacity 5210K, committed 5324K, reserved 1048576K
}
Event: 25.681 GC heap before
{Heap before GC invocations=14 (full 0):
 garbage-first heap   total 131072K, used 96740K [0x0000000081a00000, 0x0000000100000000)
  region size 1024K, 69 young (70656K), 4 survivors (4096K)
 Metaspace       used 43982K, capacity 45419K, committed 45564K, reserved 1089536K
  class space    used 5576K, capacity 6103K, committed 6220K, reserved 1048576K
}
Event: 25.699 GC heap after
{Heap after GC invocations=15 (full 0):
 garbage-first heap   total 131072K, used 35403K [0x0000000081a00000, 0x0000000100000000)
  region size 1024K, 8 young (8192K), 8 survivors (8192K)
 Metaspace       used 43982K, capacity 45419K, committed 45564K, reserved 1089536K
  class space    used 5576K, capacity 6103K, committed 6220K, reserved 1048576K
}
Event: 26.913 GC heap before
{Heap before GC invocations=15 (full 0):
 garbage-first heap   total 131072K, used 98891K [0x0000000081a00000, 0x0000000100000000)
  region size 1024K, 71 young (72704K), 8 survivors (8192K)
 Metaspace       used 52117K, capacity 53605K, committed 53884K, reserved 1095680K
  class space    used 6657K, capacity 7237K, committed 7372K, reserved 1048576K
}
Event: 26.935 GC heap after
{Heap after GC invocations=16 (full 0):
 garbage-first heap   total 131072K, used 38109K [0x0000000081a00000, 0x0000000100000000)
  region size 1024K, 7 young (7168K), 7 survivors (7168K)
 Metaspace       used 52117K, capacity 53605K, committed 53884K, reserved 1095680K
  class space    used 6657K, capacity 7237K, committed 7372K, reserved 1048576K
}
Event: 28.310 GC heap before
{Heap before GC invocations=16 (full 0):
 garbage-first heap   total 131072K, used 102621K [0x0000000081a00000, 0x0000000100000000)
  region size 1024K, 70 young (71680K), 7 survivors (7168K)
 Metaspace       used 57336K, capacity 58901K, committed 59004K, reserved 1099776K
  class space    used 7461K, capacity 8073K, committed 8140K, reserved 1048576K
}
Event: 28.340 GC heap after
{Heap after GC invocations=17 (full 0):
 garbage-first heap   total 131072K, used 41497K [0x0000000081a00000, 0x0000000100000000)
  region size 1024K, 6 young (6144K), 6 survivors (6144K)
 Metaspace       used 57336K, capacity 58901K, committed 59004K, reserved 1099776K
  class space    used 7461K, capacity 8073K, committed 8140K, reserved 1048576K
}
Event: 28.700 GC heap before
{Heap before GC invocations=17 (full 0):
 garbage-first heap   total 131072K, used 52761K [0x0000000081a00000, 0x0000000100000000)
  region size 1024K, 19 young (19456K), 6 survivors (6144K)
 Metaspace       used 58655K, capacity 60178K, committed 60284K, reserved 1101824K
  class space    used 7687K, capacity 8304K, committed 8396K, reserved 1048576K
}
Event: 28.723 GC heap after
{Heap after GC invocations=18 (full 0):
 garbage-first heap   total 157696K, used 41893K [0x0000000081a00000, 0x0000000100000000)
  region size 1024K, 4 young (4096K), 4 survivors (4096K)
 Metaspace       used 58655K, capacity 60178K, committed 60284K, reserved 1101824K
  class space    used 7687K, capacity 8304K, committed 8396K, reserved 1048576K
}

